<?xml version="1.0" encoding="utf-8"?><testsuites><testsuite name="pytest" errors="0" failures="0" skipped="0" tests="167" time="39.563" timestamp="2026-02-16T17:13:18.599711-06:00" hostname="mac.lan"><testcase classname="test.e2e.test_e2e" name="test_default_enabled_state" time="0.117" /><testcase classname="test.e2e.test_e2e" name="test_intent_disable_setting" time="0.223" /><testcase classname="test.e2e.test_e2e" name="test_reenabling" time="0.267" /><testcase classname="test.test_client.TestHomeAssistantClient" name="test_all_supported_device_types_available" time="0.001" /><testcase classname="test.test_client.TestHomeAssistantClient" name="test_brightness_increment_decrease" time="0.001" /><testcase classname="test.test_client.TestHomeAssistantClient" name="test_brightness_increment_increase" time="0.001" /><testcase classname="test.test_client.TestHomeAssistantClient" name="test_config_removal_clears_state" time="0.006" /><testcase classname="test.test_client.TestHomeAssistantClient" name="test_device_get_attributes" time="0.000" /><testcase classname="test.test_client.TestHomeAssistantClient" name="test_device_get_device_class" time="0.000" /><testcase classname="test.test_client.TestHomeAssistantClient" name="test_device_get_has_device_class" time="0.000" /><testcase classname="test.test_client.TestHomeAssistantClient" name="test_device_get_icon" time="0.000" /><testcase classname="test.test_client.TestHomeAssistantClient" name="test_device_get_id" time="0.000" /><testcase classname="test.test_client.TestHomeAssistantClient" name="test_device_get_name" time="0.000" /><testcase classname="test.test_client.TestHomeAssistantClient" name="test_device_get_state" time="0.004" /><testcase classname="test.test_client.TestHomeAssistantClient" name="test_device_is_off" time="0.000" /><testcase classname="test.test_client.TestHomeAssistantClient" name="test_device_is_on" time="0.000" /><testcase classname="test.test_client.TestHomeAssistantClient" name="test_fuzzy_match_name_does_not_mutate" time="0.001" /><testcase classname="test.test_client.TestHomeAssistantClient" name="test_fuzzy_match_name_handles_underscores" time="0.002" /><testcase classname="test.test_client.TestHomeAssistantClient" name="test_handle_assist_message_with_connector" time="0.001" /><testcase classname="test.test_client.TestHomeAssistantClient" name="test_handle_assist_message_without_connector" time="0.001" /><testcase classname="test.test_client.TestHomeAssistantClient" name="test_handle_call_supported_function_without_args" time="0.001" /><testcase classname="test.test_client.TestHomeAssistantClient" name="test_handle_called_supported_function_device_does_not_exist" time="0.003" /><testcase classname="test.test_client.TestHomeAssistantClient" name="test_handle_called_supported_function_fuzzy_search" time="0.002" /><testcase classname="test.test_client.TestHomeAssistantClient" name="test_handle_called_supported_function_with_device_id" time="0.001" /><testcase classname="test.test_client.TestHomeAssistantClient" name="test_handle_decrease_light_brightness_device_does_not_exist" time="0.003" /><testcase classname="test.test_client.TestHomeAssistantClient" name="test_handle_decrease_light_brightness_fuzzy_search" time="0.001" /><testcase classname="test.test_client.TestHomeAssistantClient" name="test_handle_decrease_light_brightness_with_device_id" time="0.001" /><testcase classname="test.test_client.TestHomeAssistantClient" name="test_handle_get_devices" time="0.000" /><testcase classname="test.test_client.TestHomeAssistantClient" name="test_handle_get_light_brightness_device_does_not_exist" time="0.003" /><testcase classname="test.test_client.TestHomeAssistantClient" name="test_handle_get_light_brightness_fuzzy_search" time="0.002" /><testcase classname="test.test_client.TestHomeAssistantClient" name="test_handle_get_light_brightness_with_device_id" time="0.001" /><testcase classname="test.test_client.TestHomeAssistantClient" name="test_handle_get_light_color_device_does_not_exist" time="0.002" /><testcase classname="test.test_client.TestHomeAssistantClient" name="test_handle_get_light_color_fuzzy_search" time="0.002" /><testcase classname="test.test_client.TestHomeAssistantClient" name="test_handle_get_light_color_with_device_id" time="0.001" /><testcase classname="test.test_client.TestHomeAssistantClient" name="test_handle_increase_light_brightness_device_does_not_exist" time="0.003" /><testcase classname="test.test_client.TestHomeAssistantClient" name="test_handle_increase_light_brightness_fuzzy_search" time="0.001" /><testcase classname="test.test_client.TestHomeAssistantClient" name="test_handle_increase_light_brightness_with_device_id" time="0.001" /><testcase classname="test.test_client.TestHomeAssistantClient" name="test_handle_set_light_brightness_device_does_not_exist" time="0.003" /><testcase classname="test.test_client.TestHomeAssistantClient" name="test_handle_set_light_brightness_fuzzy_search" time="0.002" /><testcase classname="test.test_client.TestHomeAssistantClient" name="test_handle_set_light_brightness_with_device_id" time="0.001" /><testcase classname="test.test_client.TestHomeAssistantClient" name="test_handle_set_light_color_device_does_not_exist" time="0.002" /><testcase classname="test.test_client.TestHomeAssistantClient" name="test_handle_set_light_color_fuzzy_search" time="0.001" /><testcase classname="test.test_client.TestHomeAssistantClient" name="test_handle_set_light_color_with_device_id" time="0.000" /><testcase classname="test.test_client.TestHomeAssistantClient" name="test_handle_turn_off_device_does_not_exist" time="0.003" /><testcase classname="test.test_client.TestHomeAssistantClient" name="test_handle_turn_off_fuzzy_search" time="0.002" /><testcase classname="test.test_client.TestHomeAssistantClient" name="test_handle_turn_off_with_device_id" time="0.001" /><testcase classname="test.test_client.TestHomeAssistantClient" name="test_handle_turn_on_device_does_not_exist" time="0.002" /><testcase classname="test.test_client.TestHomeAssistantClient" name="test_handle_turn_on_fuzzy_search" time="0.002" /><testcase classname="test.test_client.TestHomeAssistantClient" name="test_handle_turn_on_with_device_id" time="0.001" /><testcase classname="test.test_client.TestHomeAssistantClient" name="test_plugin_loads_with_fake_bus" time="0.000" /><testcase classname="test.test_client.TestHomeAssistantClient" name="test_refresh_devices_fetches_fresh_data" time="0.009" /><testcase classname="test.test_client.TestHomeAssistantClient" name="test_refresh_devices_no_connector" time="0.001" /><testcase classname="test.test_client.TestHomeAssistantClient" name="test_return_device_response_device_not_found" time="0.003" /><testcase classname="test.test_client.TestHomeAssistantClient" name="test_return_device_response_when_device_does_not_exist" time="0.002" /><testcase classname="test.test_client.TestHomeAssistantClient" name="test_return_device_response_when_fuzzy_searching" time="0.002" /><testcase classname="test.test_client.TestHomeAssistantClient" name="test_return_device_response_when_passed_explicitly" time="0.002" /><testcase classname="test.test_client.TestHomeAssistantClient" name="test_return_device_response_with_extra_args" time="0.002" /><testcase classname="test.test_client.TestHomeAssistantClient" name="test_toggle_automations_configured" time="0.000" /><testcase classname="test.test_client.TestHomeAssistantClient" name="test_toggle_automations_default" time="0.000" /><testcase classname="test.test_client.TestHomeAssistantClient" name="test_update_config" time="0.013" /><testcase classname="test.test_client.TestHomeAssistantClient" name="test_validate_instance_connection_failure" time="0.002" /><testcase classname="test.test_client.TestHomeAssistantClient" name="test_validate_instance_connection_success" time="0.001" /><testcase classname="test.test_client.TestHomeAssistantClient" name="test_verify_ssl" time="0.004" /><testcase classname="test.test_connection_check.TestConnectionCheckUnit" name="test_check_connection_passes_settings_to_init" time="0.100" /><testcase classname="test.test_connection_check.TestConnectionCheckUnit" name="test_check_connection_returns_false_on_exception" time="0.101" /><testcase classname="test.test_connection_check.TestConnectionCheckUnit" name="test_check_connection_returns_false_when_init_leaves_instance_unavailable" time="0.100" /><testcase classname="test.test_connection_check.TestConnectionCheckUnit" name="test_check_connection_returns_true_after_successful_init" time="0.099" /><testcase classname="test.test_connection_check.TestConnectionCheckUnit" name="test_check_connection_returns_true_when_already_available" time="0.100" /><testcase classname="test.test_connection_check.TestConnectionCheckIntegration" name="test_get_device_intent_aborts_on_connection_failure" time="0.102" /><testcase classname="test.test_connection_check.TestConnectionCheckIntegration" name="test_get_device_intent_proceeds_on_connection_success" time="0.109" /><testcase classname="test.test_connection_check.TestConnectionCheckIntegration" name="test_turn_on_intent_aborts_on_connection_failure" time="0.106" /><testcase classname="test.test_connection_check.TestConnectionCheckIntegration" name="test_turn_on_intent_proceeds_on_connection_success" time="0.107" /><testcase classname="test.test_connector.TestHomeAssistantRESTConnector" name="test_call_function_request_exception" time="0.003" /><testcase classname="test.test_connector.TestHomeAssistantRESTConnector" name="test_call_function_with_arguments" time="0.001" /><testcase classname="test.test_connector.TestHomeAssistantRESTConnector" name="test_call_function_without_arguments" time="0.001" /><testcase classname="test.test_connector.TestHomeAssistantRESTConnector" name="test_get_all_devices_connection_error" time="0.002" /><testcase classname="test.test_connector.TestHomeAssistantRESTConnector" name="test_get_all_devices_request_exception" time="0.002" /><testcase classname="test.test_connector.TestHomeAssistantRESTConnector" name="test_get_all_devices_success" time="0.001" /><testcase classname="test.test_connector.TestHomeAssistantRESTConnector" name="test_get_all_devices_with_type" time="0.000" /><testcase classname="test.test_connector.TestHomeAssistantRESTConnector" name="test_get_all_devices_with_type_and_attribute" time="0.000" /><testcase classname="test.test_connector.TestHomeAssistantRESTConnector" name="test_get_all_devices_with_type_and_attribute_in" time="0.000" /><testcase classname="test.test_connector.TestHomeAssistantRESTConnector" name="test_get_all_devices_with_type_and_attribute_not_in" time="0.000" /><testcase classname="test.test_connector.TestHomeAssistantRESTConnector" name="test_get_device_state_connection_error" time="0.002" /><testcase classname="test.test_connector.TestHomeAssistantRESTConnector" name="test_get_device_state_request_exception" time="0.001" /><testcase classname="test.test_connector.TestHomeAssistantRESTConnector" name="test_get_device_state_success" time="0.000" /><testcase classname="test.test_connector.TestHomeAssistantRESTConnector" name="test_init_sets_headers" time="0.000" /><testcase classname="test.test_connector.TestHomeAssistantRESTConnector" name="test_register_callback" time="0.000" /><testcase classname="test.test_connector.TestHomeAssistantRESTConnector" name="test_send_assist_command_default_language" time="0.000" /><testcase classname="test.test_connector.TestHomeAssistantRESTConnector" name="test_send_assist_command_request_exception" time="0.002" /><testcase classname="test.test_connector.TestHomeAssistantRESTConnector" name="test_send_assist_command_success" time="0.001" /><testcase classname="test.test_connector.TestHomeAssistantRESTConnector" name="test_send_assist_command_with_language" time="0.000" /><testcase classname="test.test_connector.TestHomeAssistantRESTConnector" name="test_set_device_state_request_exception" time="0.002" /><testcase classname="test.test_connector.TestHomeAssistantRESTConnector" name="test_set_device_state_success" time="0.000" /><testcase classname="test.test_connector.TestHomeAssistantRESTConnector" name="test_set_device_state_without_attributes" time="0.000" /><testcase classname="test.test_connector.TestHomeAssistantRESTConnector" name="test_turn_off_request_exception" time="0.002" /><testcase classname="test.test_connector.TestHomeAssistantRESTConnector" name="test_turn_off_success" time="0.000" /><testcase classname="test.test_connector.TestHomeAssistantRESTConnector" name="test_turn_on_request_exception" time="0.002" /><testcase classname="test.test_connector.TestHomeAssistantRESTConnector" name="test_turn_on_success" time="0.001" /><testcase classname="test.test_device.TestHomeAssistantDevice" name="test_call_function_delegates_to_connector" time="0.000" /><testcase classname="test.test_device.TestHomeAssistantDevice" name="test_callback_listener_ignores_events_for_other_entities" time="0.000" /><testcase classname="test.test_device.TestHomeAssistantDevice" name="test_callback_listener_ignores_non_state_changed_events" time="0.000" /><testcase classname="test.test_device.TestHomeAssistantDevice" name="test_callback_listener_updates_state_on_state_changed" time="0.000" /><testcase classname="test.test_device.TestHomeAssistantDevice" name="test_device_initialization_parses_type_from_id" time="0.000" /><testcase classname="test.test_device.TestHomeAssistantDevice" name="test_device_registers_callback_on_init" time="0.000" /><testcase classname="test.test_device.TestHomeAssistantDevice" name="test_get_attribute_raises_keyerror_for_missing_key" time="0.000" /><testcase classname="test.test_device.TestHomeAssistantDevice" name="test_get_device_display_model_structure" time="0.000" /><testcase classname="test.test_device.TestHomeAssistantDevice" name="test_get_supported_features" time="0.000" /><testcase classname="test.test_device.TestHomeAssistantDevice" name="test_is_unavailable" time="0.000" /><testcase classname="test.test_device.TestHomeAssistantDevice" name="test_poll_handles_none_state_gracefully" time="0.000" /><testcase classname="test.test_device.TestHomeAssistantDevice" name="test_poll_handles_unavailable_string_state" time="0.001" /><testcase classname="test.test_device.TestHomeAssistantDevice" name="test_poll_handles_unexpected_non_dict_state" time="0.001" /><testcase classname="test.test_device.TestHomeAssistantDevice" name="test_poll_updates_state_from_connector" time="0.000" /><testcase classname="test.test_device.TestHomeAssistantDevice" name="test_query_device_class_sets_class_when_present" time="0.000" /><testcase classname="test.test_device.TestHomeAssistantDevice" name="test_query_device_class_unset_when_missing" time="0.000" /><testcase classname="test.test_device.TestHomeAssistantDevice" name="test_set_device_attribute_updates_via_connector" time="0.000" /><testcase classname="test.test_device.TestHomeAssistantDevice" name="test_turn_off_calls_connector" time="0.000" /><testcase classname="test.test_device.TestHomeAssistantDevice" name="test_turn_on_calls_connector" time="0.000" /><testcase classname="test.test_device.TestHomeAssistantDevice" name="test_update_device_refreshes_all_properties" time="0.000" /><testcase classname="test.test_device.TestHomeAssistantLight" name="test_decrease_brightness_uses_negative_step" time="0.001" /><testcase classname="test.test_device.TestHomeAssistantLight" name="test_get_brightness_returns_value_or_zero" time="0.000" /><testcase classname="test.test_device.TestHomeAssistantLight" name="test_get_spoken_color_returns_name_for_known_rgb" time="0.000" /><testcase classname="test.test_device.TestHomeAssistantLight" name="test_get_spoken_color_returns_rgb_string_for_unknown_color" time="0.000" /><testcase classname="test.test_device.TestHomeAssistantLight" name="test_increase_brightness_uses_positive_step" time="0.001" /><testcase classname="test.test_device.TestHomeAssistantLight" name="test_light_attribute_defaults" time="0.000" /><testcase classname="test.test_device.TestHomeAssistantLight" name="test_set_brightness" time="0.002" /><testcase classname="test.test_device.TestHomeAssistantLight" name="test_set_color_converts_name_to_rgb" time="0.002" /><testcase classname="test.test_device.TestHomeAssistantLight" name="test_set_color_mode" time="0.001" /><testcase classname="test.test_device.TestHomeAssistantLight" name="test_set_color_temp" time="0.001" /><testcase classname="test.test_device.TestHomeAssistantLight" name="test_set_effect" time="0.001" /><testcase classname="test.test_device.TestHomeAssistantLight" name="test_set_hs_color" time="0.001" /><testcase classname="test.test_device.TestHomeAssistantLight" name="test_set_rgb_color" time="0.001" /><testcase classname="test.test_device.TestHomeAssistantLight" name="test_set_xy_color" time="0.001" /><testcase classname="test.test_device.TestHomeAssistantSensor" name="test_sensor_attribute_defaults" time="0.000" /><testcase classname="test.test_device.TestHomeAssistantBinarySensor" name="test_binary_sensor_device_class_default" time="0.000" /><testcase classname="test.test_device.TestHomeAssistantCover" name="test_cover_calls_correct_functions" time="0.000" /><testcase classname="test.test_device.TestHomeAssistantCover" name="test_cover_state_checks" time="0.000" /><testcase classname="test.test_device.TestHomeAssistantCover" name="test_get_position" time="0.000" /><testcase classname="test.test_device.TestHomeAssistantCover" name="test_set_position_includes_position_arg" time="0.001" /><testcase classname="test.test_device.TestHomeAssistantMediaPlayer" name="test_media_player_getters_raise_keyerror_when_missing" time="0.001" /><testcase classname="test.test_device.TestHomeAssistantClimate" name="test_climate_setters_call_correct_functions" time="0.004" /><testcase classname="test.test_device.TestHomeAssistantVacuum" name="test_send_command_passes_command_and_params" time="0.001" /><testcase classname="test.test_device.TestHomeAssistantVacuum" name="test_set_fan_speed_uses_set_device_attribute" time="0.001" /><testcase classname="test.test_device.TestHomeAssistantVacuum" name="test_vacuum_control_methods" time="0.000" /><testcase classname="test.test_device.TestHomeAssistantScene" name="test_turn_off_logs_warning_and_returns_none" time="0.001" /><testcase classname="test.test_device.TestHomeAssistantAutomation" name="test_turn_off_logs_warning_and_returns_none" time="0.001" /><testcase classname="test.test_skill.TestSkillIntentMatching" name="test_rebuild_device_list" time="5.138" /><testcase classname="test.test_skill.TestSkillIntentMatching" name="test_rebuild_device_list_no_connection" time="0.001" /><testcase classname="test.test_skill.TestSkillIntentMatching" name="test_verify_ssl_config_default" time="0.000" /><testcase classname="test.test_skill" name="test_verify_ssl_config_nondefault" time="5.121" /><testcase classname="test.test_skill.TestSkillConfigFallback" name="test_get_client_config_from_settings" time="5.140" /><testcase classname="test.test_skill.TestSkillConfigFallback" name="test_get_client_config_no_config_returns_defaults" time="0.122" /><testcase classname="test.test_skill.TestSkillDeviceParsing" name="test_get_device_from_message_no_entity_require_false" time="5.129" /><testcase classname="test.test_skill.TestSkillDeviceParsing" name="test_get_device_from_message_no_entity_require_true" time="0.000" /><testcase classname="test.test_skill.TestSkillDeviceParsing" name="test_get_device_from_message_with_entity" time="0.000" /><testcase classname="test.test_skill.TestSkillResponseHandling" name="test_handle_device_response_error_in_response" time="5.132" /><testcase classname="test.test_skill.TestSkillResponseHandling" name="test_handle_device_response_none_response" time="0.001" /><testcase classname="test.test_skill.TestSkillResponseHandling" name="test_handle_device_response_silent_entity_no_speak" time="0.001" /><testcase classname="test.test_skill.TestSkillResponseHandling" name="test_handle_device_response_success_speaks_dialog" time="0.001" /><testcase classname="test.test_skill.TestSkillResponseHandling" name="test_handle_device_response_success_with_data" time="0.001" /><testcase classname="test.test_skill.TestSkillSilentEntities" name="test_silent_entities_returns_set" time="5.132" /><testcase classname="test.test_skill.TestSkillSilentEntities" name="test_silent_entities_setter" time="5.141" /><testcase classname="test.test_utils.TestUtils" name="test_check_if_device_type_is_group" time="0.001" /><testcase classname="test.test_utils.TestUtils" name="test_get_device_info" time="0.001" /><testcase classname="test.test_utils.TestUtils" name="test_get_ha_value_from_percentage_brightness" time="0.001" /><testcase classname="test.test_utils.TestUtils" name="test_get_percentage_brightness_from_ha_value" time="0.001" /><testcase classname="test.test_utils.TestUtils" name="test_map_entity_to_device_type" time="0.001" /><testcase classname="test.test_utils.TestUtils" name="test_search_for_device_by_id" time="0.001" /></testsuite></testsuites>