<?xml version="1.0" encoding="utf-8"?><testsuites><testsuite name="pytest" errors="0" failures="0" skipped="0" tests="117" time="39.537" timestamp="2026-02-16T16:07:59.206089-06:00" hostname="mac.lan"><testcase classname="test.e2e.test_e2e" name="test_default_enabled_state" time="0.120" /><testcase classname="test.e2e.test_e2e" name="test_intent_disable_setting" time="0.218" /><testcase classname="test.e2e.test_e2e" name="test_reenabling" time="0.259" /><testcase classname="test.test_client.TestHomeAssistantClient" name="test_all_supported_device_types_available" time="0.001" /><testcase classname="test.test_client.TestHomeAssistantClient" name="test_brightness_increment_decrease" time="0.001" /><testcase classname="test.test_client.TestHomeAssistantClient" name="test_brightness_increment_increase" time="0.001" /><testcase classname="test.test_client.TestHomeAssistantClient" name="test_config_removal_clears_state" time="0.012" /><testcase classname="test.test_client.TestHomeAssistantClient" name="test_device_get_attributes" time="0.000" /><testcase classname="test.test_client.TestHomeAssistantClient" name="test_device_get_device_class" time="0.000" /><testcase classname="test.test_client.TestHomeAssistantClient" name="test_device_get_has_device_class" time="0.000" /><testcase classname="test.test_client.TestHomeAssistantClient" name="test_device_get_icon" time="0.000" /><testcase classname="test.test_client.TestHomeAssistantClient" name="test_device_get_id" time="0.000" /><testcase classname="test.test_client.TestHomeAssistantClient" name="test_device_get_name" time="0.000" /><testcase classname="test.test_client.TestHomeAssistantClient" name="test_device_get_state" time="0.000" /><testcase classname="test.test_client.TestHomeAssistantClient" name="test_device_is_off" time="0.000" /><testcase classname="test.test_client.TestHomeAssistantClient" name="test_device_is_on" time="0.000" /><testcase classname="test.test_client.TestHomeAssistantClient" name="test_fuzzy_match_name_does_not_mutate" time="0.001" /><testcase classname="test.test_client.TestHomeAssistantClient" name="test_fuzzy_match_name_handles_underscores" time="0.002" /><testcase classname="test.test_client.TestHomeAssistantClient" name="test_handle_assist_message_with_connector" time="0.002" /><testcase classname="test.test_client.TestHomeAssistantClient" name="test_handle_assist_message_without_connector" time="0.002" /><testcase classname="test.test_client.TestHomeAssistantClient" name="test_handle_call_supported_function_without_args" time="0.001" /><testcase classname="test.test_client.TestHomeAssistantClient" name="test_handle_called_supported_function_device_does_not_exist" time="0.003" /><testcase classname="test.test_client.TestHomeAssistantClient" name="test_handle_called_supported_function_fuzzy_search" time="0.002" /><testcase classname="test.test_client.TestHomeAssistantClient" name="test_handle_called_supported_function_with_device_id" time="0.001" /><testcase classname="test.test_client.TestHomeAssistantClient" name="test_handle_decrease_light_brightness_device_does_not_exist" time="0.002" /><testcase classname="test.test_client.TestHomeAssistantClient" name="test_handle_decrease_light_brightness_fuzzy_search" time="0.002" /><testcase classname="test.test_client.TestHomeAssistantClient" name="test_handle_decrease_light_brightness_with_device_id" time="0.000" /><testcase classname="test.test_client.TestHomeAssistantClient" name="test_handle_get_devices" time="0.000" /><testcase classname="test.test_client.TestHomeAssistantClient" name="test_handle_get_light_brightness_device_does_not_exist" time="0.002" /><testcase classname="test.test_client.TestHomeAssistantClient" name="test_handle_get_light_brightness_fuzzy_search" time="0.002" /><testcase classname="test.test_client.TestHomeAssistantClient" name="test_handle_get_light_brightness_with_device_id" time="0.001" /><testcase classname="test.test_client.TestHomeAssistantClient" name="test_handle_get_light_color_device_does_not_exist" time="0.003" /><testcase classname="test.test_client.TestHomeAssistantClient" name="test_handle_get_light_color_fuzzy_search" time="0.001" /><testcase classname="test.test_client.TestHomeAssistantClient" name="test_handle_get_light_color_with_device_id" time="0.000" /><testcase classname="test.test_client.TestHomeAssistantClient" name="test_handle_increase_light_brightness_device_does_not_exist" time="0.002" /><testcase classname="test.test_client.TestHomeAssistantClient" name="test_handle_increase_light_brightness_fuzzy_search" time="0.001" /><testcase classname="test.test_client.TestHomeAssistantClient" name="test_handle_increase_light_brightness_with_device_id" time="0.000" /><testcase classname="test.test_client.TestHomeAssistantClient" name="test_handle_set_light_brightness_device_does_not_exist" time="0.003" /><testcase classname="test.test_client.TestHomeAssistantClient" name="test_handle_set_light_brightness_fuzzy_search" time="0.001" /><testcase classname="test.test_client.TestHomeAssistantClient" name="test_handle_set_light_brightness_with_device_id" time="0.001" /><testcase classname="test.test_client.TestHomeAssistantClient" name="test_handle_set_light_color_device_does_not_exist" time="0.002" /><testcase classname="test.test_client.TestHomeAssistantClient" name="test_handle_set_light_color_fuzzy_search" time="0.001" /><testcase classname="test.test_client.TestHomeAssistantClient" name="test_handle_set_light_color_with_device_id" time="0.000" /><testcase classname="test.test_client.TestHomeAssistantClient" name="test_handle_turn_off_device_does_not_exist" time="0.003" /><testcase classname="test.test_client.TestHomeAssistantClient" name="test_handle_turn_off_fuzzy_search" time="0.002" /><testcase classname="test.test_client.TestHomeAssistantClient" name="test_handle_turn_off_with_device_id" time="0.001" /><testcase classname="test.test_client.TestHomeAssistantClient" name="test_handle_turn_on_device_does_not_exist" time="0.003" /><testcase classname="test.test_client.TestHomeAssistantClient" name="test_handle_turn_on_fuzzy_search" time="0.001" /><testcase classname="test.test_client.TestHomeAssistantClient" name="test_handle_turn_on_with_device_id" time="0.001" /><testcase classname="test.test_client.TestHomeAssistantClient" name="test_plugin_loads_with_fake_bus" time="0.000" /><testcase classname="test.test_client.TestHomeAssistantClient" name="test_return_device_response_device_not_found" time="0.003" /><testcase classname="test.test_client.TestHomeAssistantClient" name="test_return_device_response_when_device_does_not_exist" time="0.002" /><testcase classname="test.test_client.TestHomeAssistantClient" name="test_return_device_response_when_fuzzy_searching" time="0.002" /><testcase classname="test.test_client.TestHomeAssistantClient" name="test_return_device_response_when_passed_explicitly" time="0.001" /><testcase classname="test.test_client.TestHomeAssistantClient" name="test_return_device_response_with_extra_args" time="0.002" /><testcase classname="test.test_client.TestHomeAssistantClient" name="test_toggle_automations_configured" time="0.000" /><testcase classname="test.test_client.TestHomeAssistantClient" name="test_toggle_automations_default" time="0.000" /><testcase classname="test.test_client.TestHomeAssistantClient" name="test_update_config" time="0.003" /><testcase classname="test.test_client.TestHomeAssistantClient" name="test_validate_instance_connection_failure" time="0.002" /><testcase classname="test.test_client.TestHomeAssistantClient" name="test_validate_instance_connection_success" time="0.001" /><testcase classname="test.test_client.TestHomeAssistantClient" name="test_verify_ssl" time="0.003" /><testcase classname="test.test_connection_check.TestConnectionCheckUnit" name="test_check_connection_passes_settings_to_init" time="0.117" /><testcase classname="test.test_connection_check.TestConnectionCheckUnit" name="test_check_connection_returns_false_on_exception" time="0.103" /><testcase classname="test.test_connection_check.TestConnectionCheckUnit" name="test_check_connection_returns_false_when_init_leaves_instance_unavailable" time="0.101" /><testcase classname="test.test_connection_check.TestConnectionCheckUnit" name="test_check_connection_returns_true_after_successful_init" time="0.099" /><testcase classname="test.test_connection_check.TestConnectionCheckUnit" name="test_check_connection_returns_true_when_already_available" time="0.099" /><testcase classname="test.test_connection_check.TestConnectionCheckIntegration" name="test_get_device_intent_aborts_on_connection_failure" time="0.107" /><testcase classname="test.test_connection_check.TestConnectionCheckIntegration" name="test_get_device_intent_proceeds_on_connection_success" time="0.105" /><testcase classname="test.test_connection_check.TestConnectionCheckIntegration" name="test_turn_on_intent_aborts_on_connection_failure" time="0.102" /><testcase classname="test.test_connection_check.TestConnectionCheckIntegration" name="test_turn_on_intent_proceeds_on_connection_success" time="0.101" /><testcase classname="test.test_connector.TestHomeAssistantRESTConnector" name="test_call_function_request_exception" time="0.003" /><testcase classname="test.test_connector.TestHomeAssistantRESTConnector" name="test_call_function_with_arguments" time="0.001" /><testcase classname="test.test_connector.TestHomeAssistantRESTConnector" name="test_call_function_without_arguments" time="0.001" /><testcase classname="test.test_connector.TestHomeAssistantRESTConnector" name="test_get_all_devices_connection_error" time="0.002" /><testcase classname="test.test_connector.TestHomeAssistantRESTConnector" name="test_get_all_devices_request_exception" time="0.002" /><testcase classname="test.test_connector.TestHomeAssistantRESTConnector" name="test_get_all_devices_success" time="0.001" /><testcase classname="test.test_connector.TestHomeAssistantRESTConnector" name="test_get_all_devices_with_type" time="0.000" /><testcase classname="test.test_connector.TestHomeAssistantRESTConnector" name="test_get_all_devices_with_type_and_attribute" time="0.000" /><testcase classname="test.test_connector.TestHomeAssistantRESTConnector" name="test_get_all_devices_with_type_and_attribute_in" time="0.000" /><testcase classname="test.test_connector.TestHomeAssistantRESTConnector" name="test_get_all_devices_with_type_and_attribute_not_in" time="0.000" /><testcase classname="test.test_connector.TestHomeAssistantRESTConnector" name="test_get_device_state_connection_error" time="0.002" /><testcase classname="test.test_connector.TestHomeAssistantRESTConnector" name="test_get_device_state_request_exception" time="0.002" /><testcase classname="test.test_connector.TestHomeAssistantRESTConnector" name="test_get_device_state_success" time="0.000" /><testcase classname="test.test_connector.TestHomeAssistantRESTConnector" name="test_init_sets_headers" time="0.000" /><testcase classname="test.test_connector.TestHomeAssistantRESTConnector" name="test_register_callback" time="0.000" /><testcase classname="test.test_connector.TestHomeAssistantRESTConnector" name="test_send_assist_command_default_language" time="0.000" /><testcase classname="test.test_connector.TestHomeAssistantRESTConnector" name="test_send_assist_command_request_exception" time="0.002" /><testcase classname="test.test_connector.TestHomeAssistantRESTConnector" name="test_send_assist_command_success" time="0.000" /><testcase classname="test.test_connector.TestHomeAssistantRESTConnector" name="test_send_assist_command_with_language" time="0.000" /><testcase classname="test.test_connector.TestHomeAssistantRESTConnector" name="test_set_device_state_request_exception" time="0.001" /><testcase classname="test.test_connector.TestHomeAssistantRESTConnector" name="test_set_device_state_success" time="0.001" /><testcase classname="test.test_connector.TestHomeAssistantRESTConnector" name="test_set_device_state_without_attributes" time="0.001" /><testcase classname="test.test_connector.TestHomeAssistantRESTConnector" name="test_turn_off_request_exception" time="0.001" /><testcase classname="test.test_connector.TestHomeAssistantRESTConnector" name="test_turn_off_success" time="0.001" /><testcase classname="test.test_connector.TestHomeAssistantRESTConnector" name="test_turn_on_request_exception" time="0.001" /><testcase classname="test.test_connector.TestHomeAssistantRESTConnector" name="test_turn_on_success" time="0.000" /><testcase classname="test.test_skill.TestSkillIntentMatching" name="test_get_all_devices" time="5.162" /><testcase classname="test.test_skill.TestSkillIntentMatching" name="test_verify_ssl_config_default" time="0.001" /><testcase classname="test.test_skill" name="test_verify_ssl_config_nondefault" time="5.127" /><testcase classname="test.test_skill.TestSkillConfigFallback" name="test_get_client_config_from_settings" time="5.127" /><testcase classname="test.test_skill.TestSkillConfigFallback" name="test_get_client_config_no_config_returns_defaults" time="0.122" /><testcase classname="test.test_skill.TestSkillDeviceParsing" name="test_get_device_from_message_no_entity_require_false" time="5.147" /><testcase classname="test.test_skill.TestSkillDeviceParsing" name="test_get_device_from_message_no_entity_require_true" time="0.001" /><testcase classname="test.test_skill.TestSkillDeviceParsing" name="test_get_device_from_message_with_entity" time="0.001" /><testcase classname="test.test_skill.TestSkillResponseHandling" name="test_handle_device_response_error_in_response" time="5.148" /><testcase classname="test.test_skill.TestSkillResponseHandling" name="test_handle_device_response_none_response" time="0.001" /><testcase classname="test.test_skill.TestSkillResponseHandling" name="test_handle_device_response_silent_entity_no_speak" time="0.001" /><testcase classname="test.test_skill.TestSkillResponseHandling" name="test_handle_device_response_success_speaks_dialog" time="0.001" /><testcase classname="test.test_skill.TestSkillResponseHandling" name="test_handle_device_response_success_with_data" time="0.001" /><testcase classname="test.test_skill.TestSkillSilentEntities" name="test_silent_entities_returns_set" time="5.129" /><testcase classname="test.test_skill.TestSkillSilentEntities" name="test_silent_entities_setter" time="5.121" /><testcase classname="test.test_utils.TestUtils" name="test_check_if_device_type_is_group" time="0.000" /><testcase classname="test.test_utils.TestUtils" name="test_get_device_info" time="0.000" /><testcase classname="test.test_utils.TestUtils" name="test_get_ha_value_from_percentage_brightness" time="0.000" /><testcase classname="test.test_utils.TestUtils" name="test_get_percentage_brightness_from_ha_value" time="0.000" /><testcase classname="test.test_utils.TestUtils" name="test_map_entity_to_device_type" time="0.001" /><testcase classname="test.test_utils.TestUtils" name="test_search_for_device_by_id" time="0.000" /></testsuite></testsuites>