<?xml version="1.0" encoding="utf-8"?><testsuites><testsuite name="pytest" errors="0" failures="0" skipped="0" tests="43" time="2.969" timestamp="2025-06-09T20:49:13.605522-05:00" hostname="mac.lan"><testcase classname="test.e2e.test_e2e" name="test_default_enabled_state" time="0.101" /><testcase classname="test.e2e.test_e2e" name="test_intent_disable_setting" time="0.186" /><testcase classname="test.e2e.test_e2e" name="test_reenabling" time="0.225" /><testcase classname="test.test_client.TestHomeAssistantClient" name="test_all_supported_device_types_available" time="0.003" /><testcase classname="test.test_client.TestHomeAssistantClient" name="test_brightness_increment_decrease" time="0.001" /><testcase classname="test.test_client.TestHomeAssistantClient" name="test_brightness_increment_increase" time="0.001" /><testcase classname="test.test_client.TestHomeAssistantClient" name="test_fuzzy_match_name_does_not_mutate" time="0.001" /><testcase classname="test.test_client.TestHomeAssistantClient" name="test_fuzzy_match_name_handles_underscores" time="0.003" /><testcase classname="test.test_client.TestHomeAssistantClient" name="test_handle_called_supported_function_device_does_not_exist" time="0.002" /><testcase classname="test.test_client.TestHomeAssistantClient" name="test_handle_called_supported_function_fuzzy_search" time="0.001" /><testcase classname="test.test_client.TestHomeAssistantClient" name="test_handle_called_supported_function_with_device_id" time="0.000" /><testcase classname="test.test_client.TestHomeAssistantClient" name="test_handle_decrease_light_brightness_device_does_not_exist" time="0.002" /><testcase classname="test.test_client.TestHomeAssistantClient" name="test_handle_decrease_light_brightness_fuzzy_search" time="0.001" /><testcase classname="test.test_client.TestHomeAssistantClient" name="test_handle_decrease_light_brightness_with_device_id" time="0.000" /><testcase classname="test.test_client.TestHomeAssistantClient" name="test_handle_get_light_brightness_device_does_not_exist" time="0.002" /><testcase classname="test.test_client.TestHomeAssistantClient" name="test_handle_get_light_brightness_fuzzy_search" time="0.001" /><testcase classname="test.test_client.TestHomeAssistantClient" name="test_handle_get_light_brightness_with_device_id" time="0.001" /><testcase classname="test.test_client.TestHomeAssistantClient" name="test_handle_get_light_color_device_does_not_exist" time="0.002" /><testcase classname="test.test_client.TestHomeAssistantClient" name="test_handle_get_light_color_fuzzy_search" time="0.001" /><testcase classname="test.test_client.TestHomeAssistantClient" name="test_handle_get_light_color_with_device_id" time="0.001" /><testcase classname="test.test_client.TestHomeAssistantClient" name="test_handle_increase_light_brightness_device_does_not_exist" time="0.002" /><testcase classname="test.test_client.TestHomeAssistantClient" name="test_handle_increase_light_brightness_fuzzy_search" time="0.001" /><testcase classname="test.test_client.TestHomeAssistantClient" name="test_handle_increase_light_brightness_with_device_id" time="0.001" /><testcase classname="test.test_client.TestHomeAssistantClient" name="test_handle_set_light_brightness_device_does_not_exist" time="0.002" /><testcase classname="test.test_client.TestHomeAssistantClient" name="test_handle_set_light_brightness_fuzzy_search" time="0.001" /><testcase classname="test.test_client.TestHomeAssistantClient" name="test_handle_set_light_brightness_with_device_id" time="0.001" /><testcase classname="test.test_client.TestHomeAssistantClient" name="test_handle_set_light_color_device_does_not_exist" time="0.002" /><testcase classname="test.test_client.TestHomeAssistantClient" name="test_handle_set_light_color_fuzzy_search" time="0.001" /><testcase classname="test.test_client.TestHomeAssistantClient" name="test_handle_set_light_color_with_device_id" time="0.000" /><testcase classname="test.test_client.TestHomeAssistantClient" name="test_handle_turn_off_device_does_not_exist" time="0.002" /><testcase classname="test.test_client.TestHomeAssistantClient" name="test_handle_turn_off_fuzzy_search" time="0.001" /><testcase classname="test.test_client.TestHomeAssistantClient" name="test_handle_turn_off_with_device_id" time="0.001" /><testcase classname="test.test_client.TestHomeAssistantClient" name="test_handle_turn_on_device_does_not_exist" time="0.002" /><testcase classname="test.test_client.TestHomeAssistantClient" name="test_handle_turn_on_fuzzy_search" time="0.001" /><testcase classname="test.test_client.TestHomeAssistantClient" name="test_handle_turn_on_with_device_id" time="0.001" /><testcase classname="test.test_client.TestHomeAssistantClient" name="test_plugin_loads_with_fake_bus" time="0.000" /><testcase classname="test.test_client.TestHomeAssistantClient" name="test_return_device_response_when_device_does_not_exist" time="0.002" /><testcase classname="test.test_client.TestHomeAssistantClient" name="test_return_device_response_when_fuzzy_searching" time="0.001" /><testcase classname="test.test_client.TestHomeAssistantClient" name="test_return_device_response_when_passed_explicitly" time="0.002" /><testcase classname="test.test_client.TestHomeAssistantClient" name="test_verify_ssl" time="0.007" /><testcase classname="test.test_skill.TestSkillIntentMatching" name="test_get_all_devices" time="0.752" /><testcase classname="test.test_skill.TestSkillIntentMatching" name="test_verify_ssl_config_default" time="0.001" /><testcase classname="test.test_skill" name="test_verify_ssl_config_nondefault" time="0.220" /></testsuite></testsuites>